TN:
SF:out\player.js
FN:7,Player
FN:27,voteAgainst
FN:36,createRoster
FN:56,getAvailableRole
FN:59,giveBackAvailableRole
FN:63,addNewPlayer
FNF:6
FNH:4
FNDA:3,Player
FNDA:0,voteAgainst
FNDA:5,createRoster
FNDA:1,getAvailableRole
FNDA:0,giveBackAvailableRole
FNDA:1,addNewPlayer
DA:1,1
DA:2,1
DA:3,1
DA:4,1
DA:5,1
DA:6,1
DA:7,1
DA:8,3
DA:9,3
DA:10,3
DA:11,3
DA:12,3
DA:13,3
DA:14,1
DA:15,1
DA:16,3
DA:17,1
DA:18,1
DA:19,3
DA:20,1
DA:21,1
DA:22,3
DA:23,0
DA:24,0
DA:25,3
DA:26,3
DA:27,1
DA:28,0
DA:29,0
DA:30,0
DA:31,0
DA:32,0
DA:33,0
DA:34,1
DA:35,1
DA:36,5
DA:37,5
DA:38,5
DA:39,5
DA:40,5
DA:41,5
DA:42,5
DA:43,5
DA:44,5
DA:45,5
DA:46,5
DA:47,5
DA:48,16
DA:49,16
DA:50,5
DA:51,5
DA:52,5
DA:53,5
DA:54,5
DA:55,1
DA:56,1
DA:57,1
DA:58,1
DA:59,0
DA:60,0
DA:61,0
DA:62,0
DA:63,1
DA:64,1
DA:65,1
DA:66,0
DA:67,0
DA:68,1
DA:69,1
DA:70,1
DA:71,1
LF:71
LH:57
BRDA:7,0,0,3
BRDA:13,1,0,1
BRDA:16,2,0,1
BRDA:19,3,0,1
BRDA:22,4,0,0
BRDA:36,5,0,5
BRDA:47,6,0,16
BRDA:56,7,0,1
BRDA:63,8,0,1
BRDA:65,9,0,0
BRF:10
BRH:8
end_of_record
TN:
SF:out\roles.js
FN:13,Role
FN:19,VillagerRole
FN:26,WerewolfRole
FN:33,WitchRole
FN:42,HunterRole
FNF:5
FNH:4
FNDA:3,Role
FNDA:1,VillagerRole
FNDA:1,WerewolfRole
FNDA:0,WitchRole
FNDA:1,HunterRole
DA:1,1
DA:2,1
DA:3,1
DA:4,1
DA:5,1
DA:6,1
DA:7,1
DA:8,1
DA:9,1
DA:10,1
DA:11,1
DA:12,1
DA:13,1
DA:14,3
DA:15,3
DA:16,1
DA:17,1
DA:18,1
DA:19,1
DA:20,1
DA:21,1
DA:22,1
DA:23,1
DA:24,1
DA:25,1
DA:26,1
DA:27,1
DA:28,1
DA:29,1
DA:30,1
DA:31,1
DA:32,1
DA:33,1
DA:34,0
DA:35,0
DA:36,0
DA:37,0
DA:38,0
DA:39,1
DA:40,1
DA:41,1
DA:42,1
DA:43,1
DA:44,1
DA:45,1
DA:46,1
DA:47,1
DA:48,1
LF:48
LH:43
BRDA:5,0,0,1
BRDA:13,1,0,3
BRDA:19,2,0,1
BRDA:26,3,0,1
BRDA:42,4,0,1
BRF:5
BRH:5
end_of_record
TN:
SF:out\utils.js
FN:8,shuffle
FNF:1
FNH:1
FNDA:5,shuffle
DA:1,1
DA:2,1
DA:3,1
DA:4,1
DA:5,1
DA:6,1
DA:7,1
DA:8,5
DA:9,5
DA:10,5
DA:11,19
DA:12,19
DA:13,19
DA:14,19
DA:15,19
DA:16,19
DA:17,5
DA:18,1
LF:18
LH:18
BRDA:8,0,0,5
BRDA:10,1,0,19
BRF:2
BRH:2
end_of_record
TN:
SF:out\vote.js
FN:9,countVotes
FN:30,getMaxVoted
FNF:2
FNH:1
FNDA:0,countVotes
FNDA:4,getMaxVoted
DA:1,1
DA:2,1
DA:3,1
DA:4,1
DA:5,1
DA:6,1
DA:7,1
DA:8,1
DA:9,0
DA:10,0
DA:11,0
DA:12,0
DA:13,0
DA:14,0
DA:15,0
DA:16,0
DA:17,0
DA:18,0
DA:19,0
DA:20,0
DA:21,0
DA:22,0
DA:23,0
DA:24,1
DA:25,1
DA:26,1
DA:27,1
DA:28,1
DA:29,1
DA:30,4
DA:31,4
DA:32,4
DA:33,4
DA:34,4
DA:35,9
DA:36,5
DA:37,5
DA:38,5
DA:39,4
DA:40,4
DA:41,4
DA:42,9
DA:43,4
DA:44,2
DA:45,2
DA:46,2
DA:47,2
DA:48,1
LF:48
LH:33
BRDA:30,0,0,4
BRDA:34,1,0,9
BRDA:35,2,0,5
BRDA:39,3,0,4
BRDA:43,4,0,2
BRF:5
BRH:5
end_of_record
